D:\ALL\PROGECTS\GRAF\GRAF\DEBUG\GRAF.OBJ
D:\ALL\PROGECTS\GRAF\GRAF\DEBUG\MAIN.OBJ
D:\ALL\PROGECTS\GRAF\GRAF\DEBUG\VC110.PDB
D:\ALL\PROGECTS\GRAF\DEBUG\GRAF.ILK
D:\ALL\PROGECTS\GRAF\DEBUG\GRAF.EXE
D:\ALL\PROGECTS\GRAF\DEBUG\GRAF.PDB
D:\All\Progects\Graf\Graf\Debug\Graf.obj
D:\All\Progects\Graf\Graf\Debug\Main.obj
D:\All\Progects\Graf\Graf\Debug\cl.command.1.tlog
D:\All\Progects\Graf\Graf\Debug\CL.read.1.tlog
D:\All\Progects\Graf\Graf\Debug\CL.write.1.tlog
D:\All\Progects\Graf\Graf\Debug\link-cvtres.read.1.tlog
D:\All\Progects\Graf\Graf\Debug\link-cvtres.write.1.tlog
D:\All\Progects\Graf\Graf\Debug\link-rc.read.1.tlog
D:\All\Progects\Graf\Graf\Debug\link-rc.write.1.tlog
D:\All\Progects\Graf\Graf\Debug\link.1400-cvtres.read.1.tlog
D:\All\Progects\Graf\Graf\Debug\link.1400-cvtres.write.1.tlog
D:\All\Progects\Graf\Graf\Debug\link.1400-rc.read.1.tlog
D:\All\Progects\Graf\Graf\Debug\link.1400-rc.write.1.tlog
D:\All\Progects\Graf\Graf\Debug\link.1400.read.1.tlog
D:\All\Progects\Graf\Graf\Debug\link.1400.write.1.tlog
D:\All\Progects\Graf\Graf\Debug\link.1508-cvtres.read.1.tlog
D:\All\Progects\Graf\Graf\Debug\link.1508-cvtres.write.1.tlog
D:\All\Progects\Graf\Graf\Debug\link.1508-rc.read.1.tlog
D:\All\Progects\Graf\Graf\Debug\link.1508-rc.write.1.tlog
D:\All\Progects\Graf\Graf\Debug\link.1508.read.1.tlog
D:\All\Progects\Graf\Graf\Debug\link.1508.write.1.tlog
D:\All\Progects\Graf\Graf\Debug\link.2096-cvtres.read.1.tlog
D:\All\Progects\Graf\Graf\Debug\link.2096-cvtres.write.1.tlog
D:\All\Progects\Graf\Graf\Debug\link.2096-rc.read.1.tlog
D:\All\Progects\Graf\Graf\Debug\link.2096-rc.write.1.tlog
D:\All\Progects\Graf\Graf\Debug\link.2096.read.1.tlog
D:\All\Progects\Graf\Graf\Debug\link.2096.write.1.tlog
D:\All\Progects\Graf\Graf\Debug\link.2564-cvtres.read.1.tlog
D:\All\Progects\Graf\Graf\Debug\link.2564-cvtres.write.1.tlog
D:\All\Progects\Graf\Graf\Debug\link.2564-rc.read.1.tlog
D:\All\Progects\Graf\Graf\Debug\link.2564-rc.write.1.tlog
D:\All\Progects\Graf\Graf\Debug\link.2564.read.1.tlog
D:\All\Progects\Graf\Graf\Debug\link.2564.write.1.tlog
D:\All\Progects\Graf\Graf\Debug\link.2600-cvtres.read.1.tlog
D:\All\Progects\Graf\Graf\Debug\link.2600-cvtres.write.1.tlog
D:\All\Progects\Graf\Graf\Debug\link.2600-rc.read.1.tlog
D:\All\Progects\Graf\Graf\Debug\link.2600-rc.write.1.tlog
D:\All\Progects\Graf\Graf\Debug\link.2600.read.1.tlog
D:\All\Progects\Graf\Graf\Debug\link.2600.write.1.tlog
D:\All\Progects\Graf\Graf\Debug\link.2628-cvtres.read.1.tlog
D:\All\Progects\Graf\Graf\Debug\link.2628-cvtres.write.1.tlog
D:\All\Progects\Graf\Graf\Debug\link.2628-rc.read.1.tlog
D:\All\Progects\Graf\Graf\Debug\link.2628-rc.write.1.tlog
D:\All\Progects\Graf\Graf\Debug\link.2628.read.1.tlog
D:\All\Progects\Graf\Graf\Debug\link.2628.write.1.tlog
D:\All\Progects\Graf\Graf\Debug\link.3232-cvtres.read.1.tlog
D:\All\Progects\Graf\Graf\Debug\link.3232-cvtres.write.1.tlog
D:\All\Progects\Graf\Graf\Debug\link.3232-rc.read.1.tlog
D:\All\Progects\Graf\Graf\Debug\link.3232-rc.write.1.tlog
D:\All\Progects\Graf\Graf\Debug\link.3232.read.1.tlog
D:\All\Progects\Graf\Graf\Debug\link.3232.write.1.tlog
D:\All\Progects\Graf\Graf\Debug\link.3700-cvtres.read.1.tlog
D:\All\Progects\Graf\Graf\Debug\link.3700-cvtres.write.1.tlog
D:\All\Progects\Graf\Graf\Debug\link.3700-rc.read.1.tlog
D:\All\Progects\Graf\Graf\Debug\link.3700-rc.write.1.tlog
D:\All\Progects\Graf\Graf\Debug\link.3700.read.1.tlog
D:\All\Progects\Graf\Graf\Debug\link.3700.write.1.tlog
D:\All\Progects\Graf\Graf\Debug\link.3860-cvtres.read.1.tlog
D:\All\Progects\Graf\Graf\Debug\link.3860-cvtres.write.1.tlog
D:\All\Progects\Graf\Graf\Debug\link.3860-rc.read.1.tlog
D:\All\Progects\Graf\Graf\Debug\link.3860-rc.write.1.tlog
D:\All\Progects\Graf\Graf\Debug\link.3860.read.1.tlog
D:\All\Progects\Graf\Graf\Debug\link.3860.write.1.tlog
D:\All\Progects\Graf\Graf\Debug\link.4024-cvtres.read.1.tlog
D:\All\Progects\Graf\Graf\Debug\link.4024-cvtres.write.1.tlog
D:\All\Progects\Graf\Graf\Debug\link.4024-rc.read.1.tlog
D:\All\Progects\Graf\Graf\Debug\link.4024-rc.write.1.tlog
D:\All\Progects\Graf\Graf\Debug\link.4024.read.1.tlog
D:\All\Progects\Graf\Graf\Debug\link.4024.write.1.tlog
D:\All\Progects\Graf\Graf\Debug\link.560-cvtres.read.1.tlog
D:\All\Progects\Graf\Graf\Debug\link.560-cvtres.write.1.tlog
D:\All\Progects\Graf\Graf\Debug\link.560-rc.read.1.tlog
D:\All\Progects\Graf\Graf\Debug\link.560-rc.write.1.tlog
D:\All\Progects\Graf\Graf\Debug\link.560.read.1.tlog
D:\All\Progects\Graf\Graf\Debug\link.560.write.1.tlog
D:\All\Progects\Graf\Graf\Debug\link.612-cvtres.read.1.tlog
D:\All\Progects\Graf\Graf\Debug\link.612-cvtres.write.1.tlog
D:\All\Progects\Graf\Graf\Debug\link.612-rc.read.1.tlog
D:\All\Progects\Graf\Graf\Debug\link.612-rc.write.1.tlog
D:\All\Progects\Graf\Graf\Debug\link.612.read.1.tlog
D:\All\Progects\Graf\Graf\Debug\link.612.write.1.tlog
D:\All\Progects\Graf\Graf\Debug\link.command.1.tlog
D:\All\Progects\Graf\Graf\Debug\link.read.1.tlog
D:\All\Progects\Graf\Graf\Debug\link.write.1.tlog
D:\All\Progects\Graf\Graf\Debug\vc110.idb
D:\All\Progects\Graf\Graf\Debug\vc110.pdb
D:\All\Progects\Graf\Debug\Graf.pdb
D:\All\Progects\Graf\Debug\Graf.exe
D:\All\Progects\Graf\Debug\Graf.ilk
